#
# There is insufficient memory for the Java Runtime Environment to continue.
# Native memory allocation (mmap) failed to map 132120576 bytes for G1 virtual space
# Possible reasons:
#   The system is out of physical RAM or swap space
#   The process is running with CompressedOops enabled, and the Java Heap may be blocking the growth of the native heap
# Possible solutions:
#   Reduce memory load on the system
#   Increase physical memory or swap space
#   Check if swap backing store is full
#   Decrease Java heap size (-Xmx/-Xms)
#   Decrease number of Java threads
#   Decrease Java thread stack sizes (-Xss)
#   Set larger code cache with -XX:ReservedCodeCacheSize=
#   JVM is running with Unscaled Compressed Oops mode in which the Java heap is
#     placed in the first 4GB address space. The Java Heap base address is the
#     maximum limit for the native heap growth. Please use -XX:HeapBaseMinAddress
#     to set the Java Heap base and to place the Java Heap above 4GB virtual address.
# This output file may be truncated or incomplete.
#
#  Out of Memory Error (os_windows.cpp:3466), pid=168588, tid=181112
#
# JRE version:  (16.0.2+7) (build )
# Java VM: Java HotSpot(TM) 64-Bit Server VM (16.0.2+7-67, mixed mode, sharing, tiered, compressed oops, compressed class ptrs, g1 gc, windows-amd64)
# No core dump will be written. Minidumps are not enabled by default on client versions of Windows
#

---------------  S U M M A R Y ------------

Command Line: -Dfile.encoding=UTF-8 -XX:+ShowCodeDetailsInExceptionMessages br.com.WKApiRest.WKApiRest.Application

Host: Intel(R) Core(TM) i5-10210U CPU @ 1.60GHz, 8 cores, 7G,  Windows 10 , 64 bit Build 22621 (10.0.22621.755)
Time: Sat Dec  3 10:07:31 2022 Hora oficial do Brasil elapsed time: 0.118683 seconds (0d 0h 0m 0s)

---------------  T H R E A D  ---------------

Current thread (0x000002c6c7c529d0):  JavaThread "Unknown thread" [_thread_in_vm, id=181112, stack(0x000000fe2f900000,0x000000fe2fa00000)]

Stack: [0x000000fe2f900000,0x000000fe2fa00000]
Native frames: (J=compiled Java code, j=interpreted, Vv=VM code, C=native code)
V  [jvm.dll+0x6681ca]
V  [jvm.dll+0x7c9e69]
V  [jvm.dll+0x7cb61e]
V  [jvm.dll+0x7cbc73]
V  [jvm.dll+0x242c55]
V  [jvm.dll+0x664f89]
V  [jvm.dll+0x659b75]
V  [jvm.dll+0x2fbfbb]
V  [jvm.dll+0x3031b6]
V  [jvm.dll+0x35299e]
V  [jvm.dll+0x352bcf]
V  [jvm.dll+0x2d3028]
V  [jvm.dll+0x2d4264]
V  [jvm.dll+0x79c741]
V  [jvm.dll+0x360791]
V  [jvm.dll+0x77a3f0]
V  [jvm.dll+0x3e4e8f]
V  [jvm.dll+0x3e6961]
C  [jli.dll+0x52fb]
C  [ucrtbase.dll+0x29363]
C  [KERNEL32.DLL+0x1244d]
C  [ntdll.dll+0x5dfb8]


---------------  P R O C E S S  ---------------

Threads class SMR info:
_java_thread_list=0x00007fff299acbb8, length=0, elements={
}

Java Threads: ( => current thread )

Other Threads:
  0x000002c6c7c91e20 GCTaskThread "GC Thread#0" [stack: 0x000000fe2fa00000,0x000000fe2fb00000] [id=181180]
  0x000002c6c7ca28e0 ConcurrentGCThread "G1 Main Marker" [stack: 0x000000fe2fb00000,0x000000fe2fc00000] [id=171108]
  0x000002c6c7ca33d0 ConcurrentGCThread "G1 Conc#0" [stack: 0x000000fe2fc00000,0x000000fe2fd00000] [id=179684]

[error occurred during error reporting (printing all threads), id 0xc0000005, EXCEPTION_ACCESS_VIOLATION (0xc0000005) at pc=0x00007fff29183ee7]

VM state: not at safepoint (not fully initialized)

VM Mutex/Monitor currently owned by a thread:  ([mutex/lock_event])
[0x000002c6c7c4db00] Heap_lock - owner thread: 0x000002c6c7c529d0

Heap address: 0x0000000083400000, size: 1996 MB, Compressed Oops mode: 32-bit

CDS archive(s) mapped at: [0x0000000000000000-0x0000000000000000-0x0000000000000000), size 0, SharedBaseAddress: 0x0000000800000000, ArchiveRelocationMode: 0.
Narrow klass base: 0x0000000000000000, Narrow klass shift: 0, Narrow klass range: 0x0

GC Precious Log:
<Empty>

Heap:
 garbage-first heap   total 0K, used 0K [0x0000000083400000, 0x0000000100000000)
  region size 1024K, 0 young (0K), 0 survivors (0K)

[error occurred during error reporting (printing heap information), id 0xc0000005, EXCEPTION_ACCESS_VIOLATION (0xc0000005) at pc=0x00007fff29561eed]

GC Heap History (0 events):
No events

Deoptimization events (0 events):
No events

Classes unloaded (0 events):
No events

Classes redefined (0 events):
No events

Internal exceptions (0 events):
No events

Events (1 events):
Event: 0.065 Loaded shared library C:\Program Files\Java\jdk-16.0.2\bin\java.dll


Dynamic libraries:
0x00007ff7342c0000 - 0x00007ff7342d0000 	C:\Program Files\Java\jdk-16.0.2\bin\javaw.exe
0x00007fff9e270000 - 0x00007fff9e484000 	C:\WINDOWS\SYSTEM32\ntdll.dll
0x00007fff9d420000 - 0x00007fff9d4e2000 	C:\WINDOWS\System32\KERNEL32.DLL
0x00007fff9b9a0000 - 0x00007fff9bd3d000 	C:\WINDOWS\System32\KERNELBASE.dll
0x00007fff9b880000 - 0x00007fff9b991000 	C:\WINDOWS\System32\ucrtbase.dll
0x00007fff869a0000 - 0x00007fff869b8000 	C:\Program Files\Java\jdk-16.0.2\bin\jli.dll
0x00007fff9c090000 - 0x00007fff9c13e000 	C:\WINDOWS\System32\ADVAPI32.dll
0x00007fff9c150000 - 0x00007fff9c1f7000 	C:\WINDOWS\System32\msvcrt.dll
0x00007fff9d5a0000 - 0x00007fff9d644000 	C:\WINDOWS\System32\sechost.dll
0x00007fff9e000000 - 0x00007fff9e115000 	C:\WINDOWS\System32\RPCRT4.dll
0x00007fff9c3b0000 - 0x00007fff9c55a000 	C:\WINDOWS\System32\USER32.dll
0x00007fff9b6a0000 - 0x00007fff9b6c6000 	C:\WINDOWS\System32\win32u.dll
0x00007fff9d060000 - 0x00007fff9d089000 	C:\WINDOWS\System32\GDI32.dll
0x00007fff9bd40000 - 0x00007fff9be52000 	C:\WINDOWS\System32\gdi32full.dll
0x00007fff9bfd0000 - 0x00007fff9c06a000 	C:\WINDOWS\System32\msvcp_win.dll
0x00007fff69f70000 - 0x00007fff6a1fe000 	C:\WINDOWS\WinSxS\amd64_microsoft.windows.common-controls_6595b64144ccf1df_6.0.22621.608_none_a9444ca7c10bb01d\COMCTL32.dll
0x00007fff86a40000 - 0x00007fff86a59000 	C:\Program Files\Java\jdk-16.0.2\bin\VCRUNTIME140.dll
0x00007fff8a080000 - 0x00007fff8a08a000 	C:\WINDOWS\SYSTEM32\VERSION.dll
0x00007fff9c560000 - 0x00007fff9c592000 	C:\WINDOWS\System32\IMM32.DLL
0x00007fff93a60000 - 0x00007fff93a6c000 	C:\Program Files\Java\jdk-16.0.2\bin\vcruntime140_1.dll
0x00007fff4c8b0000 - 0x00007fff4c941000 	C:\Program Files\Java\jdk-16.0.2\bin\msvcp140.dll
0x00007fff28ea0000 - 0x00007fff29a4b000 	C:\Program Files\Java\jdk-16.0.2\bin\server\jvm.dll
0x00007fff9de50000 - 0x00007fff9de58000 	C:\WINDOWS\System32\PSAPI.DLL
0x00007fff7aea0000 - 0x00007fff7aea9000 	C:\WINDOWS\SYSTEM32\WSOCK32.dll
0x00007fff9dbd0000 - 0x00007fff9dc41000 	C:\WINDOWS\System32\WS2_32.dll
0x00007fff8f180000 - 0x00007fff8f1b4000 	C:\WINDOWS\SYSTEM32\WINMM.dll
0x00007fff9a710000 - 0x00007fff9a728000 	C:\WINDOWS\SYSTEM32\kernel.appcore.dll
0x00007fff8fea0000 - 0x00007fff8feaa000 	C:\Program Files\Java\jdk-16.0.2\bin\jimage.dll
0x00007fff99020000 - 0x00007fff9924e000 	C:\WINDOWS\SYSTEM32\DBGHELP.DLL
0x00007fff9d090000 - 0x00007fff9d41a000 	C:\WINDOWS\System32\combase.dll
0x00007fff9dad0000 - 0x00007fff9dba7000 	C:\WINDOWS\System32\OLEAUT32.dll
0x00007fff8ef10000 - 0x00007fff8ef42000 	C:\WINDOWS\SYSTEM32\dbgcore.DLL
0x00007fff9b800000 - 0x00007fff9b87b000 	C:\WINDOWS\System32\bcryptPrimitives.dll
0x00007fff86970000 - 0x00007fff86995000 	C:\Program Files\Java\jdk-16.0.2\bin\java.dll

dbghelp: loaded successfully - version: 4.0.5 - missing functions: none
symbol engine: initialized successfully - sym options: 0x614 - pdb path: .;C:\Program Files\Java\jdk-16.0.2\bin;C:\WINDOWS\SYSTEM32;C:\WINDOWS\WinSxS\amd64_microsoft.windows.common-controls_6595b64144ccf1df_6.0.22621.608_none_a9444ca7c10bb01d;C:\Program Files\Java\jdk-16.0.2\bin\server

VM Arguments:
jvm_args: -Dfile.encoding=UTF-8 -XX:+ShowCodeDetailsInExceptionMessages 
java_command: br.com.WKApiRest.WKApiRest.Application
java_class_path (initial): C:\Users\aless\eclipse-workspace\WKApiRest\target\classes;C:\Users\aless\.m2\repository\org\springframework\boot\spring-boot-starter-data-jpa\2.1.1.RELEASE\spring-boot-starter-data-jpa-2.1.1.RELEASE.jar;C:\Users\aless\.m2\repository\org\springframework\boot\spring-boot-starter-aop\2.1.1.RELEASE\spring-boot-starter-aop-2.1.1.RELEASE.jar;C:\Users\aless\.m2\repository\org\springframework\spring-aop\5.1.3.RELEASE\spring-aop-5.1.3.RELEASE.jar;C:\Users\aless\.m2\repository\org\aspectj\aspectjweaver\1.9.2\aspectjweaver-1.9.2.jar;C:\Users\aless\.m2\repository\org\springframework\boot\spring-boot-starter-jdbc\2.1.1.RELEASE\spring-boot-starter-jdbc-2.1.1.RELEASE.jar;C:\Users\aless\.m2\repository\com\zaxxer\HikariCP\3.2.0\HikariCP-3.2.0.jar;C:\Users\aless\.m2\repository\org\springframework\spring-jdbc\5.1.3.RELEASE\spring-jdbc-5.1.3.RELEASE.jar;C:\Users\aless\.m2\repository\javax\transaction\javax.transaction-api\1.3\javax.transaction-api-1.3.jar;C:\Users\aless\.m2\repository\javax\xml\bind\jaxb-api\2.3.1\jaxb-api-2.3.1.jar;C:\Users\aless\.m2\repository\javax\activation\javax.activation-api\1.2.0\javax.activation-api-1.2.0.jar;C:\Users\aless\.m2\repository\org\hibernate\hibernate-core\5.3.7.Final\hibernate-core-5.3.7.Final.jar;C:\Users\aless\.m2\repository\org\jboss\logging\jboss-logging\3.3.2.Final\jboss-logging-3.3.2.Final.jar;C:\Users\aless\.m2\repository\javax\persistence\javax.persistence-api\2.2\javax.persistence-api-2.2.jar;C:\Users\aless\.m2\repository\org\javassist\javassist\3.23.1-GA\javassist-3.23.1-GA.jar;C:\Users\aless\.m2\repository\net\bytebuddy\byte-buddy\1.9.5\byte-buddy-1.9.5.jar;C:\Users\aless\.m2\repository\antlr\antlr\2.7.7\antlr-2.7.7.jar;C:\Users\aless\.m2\repository\org\jboss\jandex\2.0.5.Final\jandex-2.0.5.Final.jar;C:\Users\aless\.m2\repository\com\fasterxml\classmate\1.4.0\classmate-1.4.0.jar;C:\Users\aless\.m2\repository\org\dom4j\dom4j\2.1.1\dom4j-2.1.1.jar;C:\Users\aless\.m2\repository\org\hibernate\common\hibernate-co
Launcher Type: SUN_STANDARD

[Global flags]
     intx CICompilerCount                          = 4                                         {product} {ergonomic}
     uint ConcGCThreads                            = 2                                         {product} {ergonomic}
     uint G1ConcRefinementThreads                  = 8                                         {product} {ergonomic}
   size_t G1HeapRegionSize                         = 1048576                                   {product} {ergonomic}
    uintx GCDrainStackTargetSize                   = 64                                        {product} {ergonomic}
   size_t InitialHeapSize                          = 132120576                                 {product} {ergonomic}
   size_t MarkStackSize                            = 4194304                                   {product} {ergonomic}
   size_t MaxHeapSize                              = 2092957696                                {product} {ergonomic}
   size_t MinHeapDeltaBytes                        = 1048576                                   {product} {ergonomic}
   size_t MinHeapSize                              = 8388608                                   {product} {ergonomic}
    uintx NonNMethodCodeHeapSize                   = 5839372                                {pd product} {ergonomic}
    uintx NonProfiledCodeHeapSize                  = 122909434                              {pd product} {ergonomic}
    uintx ProfiledCodeHeapSize                     = 122909434                              {pd product} {ergonomic}
    uintx ReservedCodeCacheSize                    = 251658240                              {pd product} {ergonomic}
     bool SegmentedCodeCache                       = true                                      {product} {ergonomic}
     bool ShowCodeDetailsInExceptionMessages       = true                                   {manageable} {command line}
   size_t SoftMaxHeapSize                          = 2092957696                             {manageable} {ergonomic}
     bool UseCompressedClassPointers               = true                           {product lp64_product} {ergonomic}
     bool UseCompressedOops                        = true                           {product lp64_product} {ergonomic}
     bool UseG1GC                                  = true                                      {product} {ergonomic}
     bool UseLargePagesIndividualAllocation        = false                                  {pd product} {ergonomic}

Logging:
Log output configuration:
 #0: stdout all=warning uptime,level,tags
 #1: stderr all=off uptime,level,tags

Environment Variables:
JAVA_HOME=C:\Program Files\Java\jdk-16.0.2
CLASSPATH=.;C:\Program Files\Java\jdk-16.0.2\lib;
PATH=C:\Program Files\Java\jdk-16.0.2;C:\Program Files\Common Files\Oracle\Java\javapath;C:\Program Files (x86)\Common Files\Oracle\Java\javapath;C:\ProgramData\Oracle\Java\javapath;C:\Program Files\Microsoft SQL Server\150\Tools\Binn\;C:\Program Files\Java\jdk-9.0.4\bin;C:\apache-maven-3.8.6\bin;C:\Git\cmd;C:\WINDOWS\system32;C:\WINDOWS;C:\WINDOWS\System32\Wbem;C:\WINDOWS\System32\WindowsPowerShell\v1.0\;C:\WINDOWS\System32\OpenSSH\;C:\Program Files\dotnet\;C:\Program Files (x86)\Microsoft SQL Server\150\DTS\Binn\;C:\Program Files\Azure Data Studio\bin;C:\Program Files\nodejs\;C:\Program Files\MySQL\MySQL Shell 8.0\bin\;C:\Users\aless\AppData\Local\Programs\Python\Python310\Scripts\;C:\Users\aless\AppData\Local\Programs\Python\Python310\;C:\Users\aless\AppData\Local\Programs\Microsoft VS Code\bin;C:\Program Files\heroku\bin;C:\Users\aless\AppData\Local\Microsoft\WindowsApps;C:\Users\aless\.dotnet\tools;C:\Program Files\Azure Data Studio\bin;C:\Users\aless\AppData\Roaming\npm
USERNAME=aless
OS=Windows_NT
PROCESSOR_IDENTIFIER=Intel64 Family 6 Model 142 Stepping 12, GenuineIntel



---------------  S Y S T E M  ---------------

OS:
 Windows 10 , 64 bit Build 22621 (10.0.22621.755)
OS uptime: 15 days 6:46 hours

CPU: total 8 (initial active 8) (4 cores per cpu, 2 threads per core) family 6 model 142 stepping 12 microcode 0xde, cx8, cmov, fxsr, ht, mmx, 3dnowpref, sse, sse2, sse3, ssse3, sse4.1, sse4.2, popcnt, lzcnt, tsc, tscinvbit, avx, avx2, aes, erms, clmul, bmi1, bmi2, adx, fma, vzeroupper, clflush, clflushopt

Memory: 4k page, system-wide physical 7976M (170M free)
TotalPageFile size 32552M (AvailPageFile size 76M)
current process WorkingSet (physical memory assigned to process): 10M, peak: 10M
current process commit charge ("private bytes"): 60M, peak: 186M

vm_info: Java HotSpot(TM) 64-Bit Server VM (16.0.2+7-67) for windows-amd64 JRE (16.0.2+7-67), built on Jun  8 2021 23:24:19 by "mach5one" with MS VC++ 16.7 (VS2019)

END.
