#
# There is insufficient memory for the Java Runtime Environment to continue.
# Native memory allocation (malloc) failed to allocate 750656 bytes for Chunk::new
# Possible reasons:
#   The system is out of physical RAM or swap space
#   The process is running with CompressedOops enabled, and the Java Heap may be blocking the growth of the native heap
# Possible solutions:
#   Reduce memory load on the system
#   Increase physical memory or swap space
#   Check if swap backing store is full
#   Decrease Java heap size (-Xmx/-Xms)
#   Decrease number of Java threads
#   Decrease Java thread stack sizes (-Xss)
#   Set larger code cache with -XX:ReservedCodeCacheSize=
#   JVM is running with Unscaled Compressed Oops mode in which the Java heap is
#     placed in the first 4GB address space. The Java Heap base address is the
#     maximum limit for the native heap growth. Please use -XX:HeapBaseMinAddress
#     to set the Java Heap base and to place the Java Heap above 4GB virtual address.
# This output file may be truncated or incomplete.
#
#  Out of Memory Error (arena.cpp:195), pid=177620, tid=124184
#
# JRE version: Java(TM) SE Runtime Environment (16.0.2+7) (build 16.0.2+7-67)
# Java VM: Java HotSpot(TM) 64-Bit Server VM (16.0.2+7-67, mixed mode, sharing, tiered, compressed oops, compressed class ptrs, g1 gc, windows-amd64)
# No core dump will be written. Minidumps are not enabled by default on client versions of Windows
#

---------------  S U M M A R Y ------------

Command Line: -Dfile.encoding=UTF-8 -XX:+ShowCodeDetailsInExceptionMessages br.com.WKApiRest.WKApiRest.Application

Host: Intel(R) Core(TM) i5-10210U CPU @ 1.60GHz, 8 cores, 7G,  Windows 10 , 64 bit Build 22621 (10.0.22621.755)
Time: Sat Dec  3 10:07:59 2022 Hora oficial do Brasil elapsed time: 6.723381 seconds (0d 0h 0m 6s)

---------------  T H R E A D  ---------------

Current thread (0x00000172e475c050):  JavaThread "C2 CompilerThread0" daemon [_thread_in_native, id=124184, stack(0x0000002863e00000,0x0000002863f00000)]


Current CompileTask:
C2:   6723 4178       4       java.net.URLStreamHandler::parseURL (1201 bytes)

Stack: [0x0000002863e00000,0x0000002863f00000]
Native frames: (J=compiled Java code, j=interpreted, Vv=VM code, C=native code)
V  [jvm.dll+0x6681ca]
V  [jvm.dll+0x7c9e69]
V  [jvm.dll+0x7cb61e]
V  [jvm.dll+0x7cbc73]
V  [jvm.dll+0x242c55]
V  [jvm.dll+0xadeba]
V  [jvm.dll+0xae45c]
V  [jvm.dll+0x35a8d7]
V  [jvm.dll+0x324de1]
V  [jvm.dll+0x32428a]
V  [jvm.dll+0x215cec]
V  [jvm.dll+0x215100]
V  [jvm.dll+0x1a1beb]
V  [jvm.dll+0x225158]
V  [jvm.dll+0x22319c]
V  [jvm.dll+0x77fa62]
V  [jvm.dll+0x7795aa]
V  [jvm.dll+0x667066]
C  [ucrtbase.dll+0x29363]
C  [KERNEL32.DLL+0x1244d]
C  [ntdll.dll+0x5dfb8]


---------------  P R O C E S S  ---------------

Threads class SMR info:
_java_thread_list=0x00000172e5f440d0, length=18, elements={
0x00000172c68843f0, 0x00000172e4736490, 0x00000172e47390a0, 0x00000172e4747340,
0x00000172e4747f40, 0x00000172e4752960, 0x00000172e4759dd0, 0x00000172e475c050,
0x00000172e4766660, 0x00000172e4772fd0, 0x00000172e4756e00, 0x00000172e4759880,
0x00000172e47578a0, 0x00000172e47568b0, 0x00000172e4757df0, 0x00000172e4758de0,
0x00000172e4758340, 0x00000172e5a73560
}

Java Threads: ( => current thread )
  0x00000172c68843f0 JavaThread "main" [_thread_blocked, id=178372, stack(0x0000002863100000,0x0000002863200000)]
  0x00000172e4736490 JavaThread "Reference Handler" daemon [_thread_blocked, id=169276, stack(0x0000002863800000,0x0000002863900000)]
  0x00000172e47390a0 JavaThread "Finalizer" daemon [_thread_blocked, id=171028, stack(0x0000002863900000,0x0000002863a00000)]
  0x00000172e4747340 JavaThread "Signal Dispatcher" daemon [_thread_blocked, id=180756, stack(0x0000002863a00000,0x0000002863b00000)]
  0x00000172e4747f40 JavaThread "Attach Listener" daemon [_thread_blocked, id=83060, stack(0x0000002863b00000,0x0000002863c00000)]
  0x00000172e4752960 JavaThread "Service Thread" daemon [_thread_blocked, id=178216, stack(0x0000002863c00000,0x0000002863d00000)]
  0x00000172e4759dd0 JavaThread "Monitor Deflation Thread" daemon [_thread_blocked, id=176280, stack(0x0000002863d00000,0x0000002863e00000)]
=>0x00000172e475c050 JavaThread "C2 CompilerThread0" daemon [_thread_in_native, id=124184, stack(0x0000002863e00000,0x0000002863f00000)]
  0x00000172e4766660 JavaThread "C1 CompilerThread0" daemon [_thread_blocked, id=174620, stack(0x0000002863f00000,0x0000002864000000)]
  0x00000172e4772fd0 JavaThread "Sweeper thread" daemon [_thread_blocked, id=179300, stack(0x0000002864000000,0x0000002864100000)]
  0x00000172e4756e00 JavaThread "Notification Thread" daemon [_thread_blocked, id=113748, stack(0x0000002864100000,0x0000002864200000)]
  0x00000172e4759880 JavaThread "Common-Cleaner" daemon [_thread_blocked, id=179932, stack(0x0000002864300000,0x0000002864400000)]
  0x00000172e47578a0 JavaThread "Thread-0" [_thread_blocked, id=35760, stack(0x0000002864900000,0x0000002864a00000)]
  0x00000172e47568b0 JavaThread "restartedMain" [_thread_in_native, id=174868, stack(0x0000002864a00000,0x0000002864b00000)]
  0x00000172e4757df0 JavaThread "ContainerBackgroundProcessor[StandardEngine[Tomcat]]" daemon [_thread_blocked, id=110100, stack(0x0000002864e00000,0x0000002864f00000)]
  0x00000172e4758de0 JavaThread "container-0" [_thread_blocked, id=172576, stack(0x0000002864f00000,0x0000002865000000)]
  0x00000172e4758340 JavaThread "HikariPool-1 housekeeper" daemon [_thread_blocked, id=178624, stack(0x0000002865100000,0x0000002865200000)]
  0x00000172e5a73560 JavaThread "HikariPool-1 connection adder" daemon [_thread_blocked, id=176788, stack(0x0000002865200000,0x0000002865300000)]

Other Threads:
  0x00000172e47329a0 VMThread "VM Thread" [stack: 0x0000002863700000,0x0000002863800000] [id=178752]
  0x00000172e51e9780 WatcherThread [stack: 0x0000002864200000,0x0000002864300000] [id=63636]
  0x00000172c68c3910 GCTaskThread "GC Thread#0" [stack: 0x0000002863200000,0x0000002863300000] [id=169220]
  0x00000172e5cc23b0 GCTaskThread "GC Thread#1" [stack: 0x0000002864400000,0x0000002864500000] [id=175212]
  0x00000172e5cc2ad0 GCTaskThread "GC Thread#2" [stack: 0x0000002864500000,0x0000002864600000] [id=170652]
  0x00000172e5b5c350 GCTaskThread "GC Thread#3" [stack: 0x0000002864600000,0x0000002864700000] [id=178804]
  0x00000172e5b5c660 GCTaskThread "GC Thread#4" [stack: 0x0000002864700000,0x0000002864800000] [id=181116]
  0x00000172e5c95fa0 GCTaskThread "GC Thread#5" [stack: 0x0000002864800000,0x0000002864900000] [id=180344]
  0x00000172e5f1aad0 GCTaskThread "GC Thread#6" [stack: 0x0000002864c00000,0x0000002864d00000] [id=180608]
  0x00000172e5c34680 GCTaskThread "GC Thread#7" [stack: 0x0000002864d00000,0x0000002864e00000] [id=173180]
  0x00000172c68d4bd0 ConcurrentGCThread "G1 Main Marker" [stack: 0x0000002863300000,0x0000002863400000] [id=177996]
  0x00000172c68d5640 ConcurrentGCThread "G1 Conc#0" [stack: 0x0000002863400000,0x0000002863500000] [id=176540]
  0x00000172e6299350 ConcurrentGCThread "G1 Conc#1" [stack: 0x0000002864b00000,0x0000002864c00000] [id=179456]
  0x00000172e45f00a0 ConcurrentGCThread "G1 Refine#0" [stack: 0x0000002863500000,0x0000002863600000] [id=172560]
  0x00000172e45f19d0 ConcurrentGCThread "G1 Service" [stack: 0x0000002863600000,0x0000002863700000] [id=178648]

Threads with active compile tasks:
C2 CompilerThread0     6758 4178       4       java.net.URLStreamHandler::parseURL (1201 bytes)

VM state: not at safepoint (normal execution)

VM Mutex/Monitor currently owned by a thread: None

Heap address: 0x0000000083400000, size: 1996 MB, Compressed Oops mode: 32-bit

CDS archive(s) mapped at: [0x0000000800000000-0x0000000800bb0000-0x0000000800bb0000), size 12255232, SharedBaseAddress: 0x0000000800000000, ArchiveRelocationMode: 0.
Compressed class space mapped at: 0x0000000800c00000-0x0000000840c00000, reserved size: 1073741824
Narrow klass base: 0x0000000800000000, Narrow klass shift: 3, Narrow klass range: 0x100000000

GC Precious Log:
 CPUs: 8 total, 8 available
 Memory: 7976M
 Large Page Support: Disabled
 NUMA Support: Disabled
 Compressed Oops: Enabled (32-bit)
 Heap Region Size: 1M
 Heap Min Capacity: 8M
 Heap Initial Capacity: 126M
 Heap Max Capacity: 1996M
 Pre-touch: Disabled
 Parallel Workers: 8
 Concurrent Workers: 2
 Concurrent Refinement Workers: 8
 Periodic GC: Disabled

Heap:
 garbage-first heap   total 90112K, used 47826K [0x0000000083400000, 0x0000000100000000)
  region size 1024K, 29 young (29696K), 2 survivors (2048K)
 Metaspace       used 36799K, committed 37120K, reserved 1089536K
  class space    used 4610K, committed 4736K, reserved 1048576K

Heap Regions: E=young(eden), S=young(survivor), O=old, HS=humongous(starts), HC=humongous(continues), CS=collection set, F=free, OA=open archive, CA=closed archive, TAMS=top-at-mark-start (previous, next)
|   0|0x0000000083400000, 0x0000000083500000, 0x0000000083500000|100%|HS|  |TAMS 0x0000000083500000, 0x0000000083400000| Complete 
|   1|0x0000000083500000, 0x0000000083600000, 0x0000000083600000|100%| O|  |TAMS 0x0000000083600000, 0x0000000083500000| Untracked 
|   2|0x0000000083600000, 0x0000000083700000, 0x0000000083700000|100%| O|  |TAMS 0x0000000083700000, 0x0000000083600000| Untracked 
|   3|0x0000000083700000, 0x0000000083800000, 0x0000000083800000|100%| O|  |TAMS 0x0000000083800000, 0x0000000083700000| Untracked 
|   4|0x0000000083800000, 0x0000000083900000, 0x0000000083900000|100%| O|  |TAMS 0x0000000083900000, 0x0000000083800000| Untracked 
|   5|0x0000000083900000, 0x00000000839e7a00, 0x0000000083a00000| 90%| O|  |TAMS 0x00000000839e7a00, 0x0000000083900000| Untracked 
|   6|0x0000000083a00000, 0x0000000083b00000, 0x0000000083b00000|100%| O|  |TAMS 0x0000000083b00000, 0x0000000083a00000| Untracked 
|   7|0x0000000083b00000, 0x0000000083c00000, 0x0000000083c00000|100%| O|  |TAMS 0x0000000083c00000, 0x0000000083b00000| Untracked 
|   8|0x0000000083c00000, 0x0000000083d00000, 0x0000000083d00000|100%| O|  |TAMS 0x0000000083d00000, 0x0000000083c00000| Untracked 
|   9|0x0000000083d00000, 0x0000000083e00000, 0x0000000083e00000|100%| O|  |TAMS 0x0000000083e00000, 0x0000000083d00000| Untracked 
|  10|0x0000000083e00000, 0x0000000083f00000, 0x0000000083f00000|100%| O|  |TAMS 0x0000000083f00000, 0x0000000083e00000| Untracked 
|  11|0x0000000083f00000, 0x0000000084000000, 0x0000000084000000|100%| O|  |TAMS 0x0000000084000000, 0x0000000083f00000| Untracked 
|  12|0x0000000084000000, 0x0000000084100000, 0x0000000084100000|100%| O|  |TAMS 0x0000000084100000, 0x0000000084000000| Untracked 
|  13|0x0000000084100000, 0x0000000084200000, 0x0000000084200000|100%| O|  |TAMS 0x0000000084200000, 0x0000000084100000| Untracked 
|  14|0x0000000084200000, 0x0000000084300000, 0x0000000084300000|100%| O|  |TAMS 0x0000000084300000, 0x0000000084200000| Untracked 
|  15|0x0000000084300000, 0x0000000084400000, 0x0000000084400000|100%| O|  |TAMS 0x0000000084400000, 0x0000000084300000| Untracked 
|  16|0x0000000084400000, 0x0000000084500000, 0x0000000084500000|100%| O|  |TAMS 0x0000000084500000, 0x0000000084400000| Untracked 
|  17|0x0000000084500000, 0x0000000084600000, 0x0000000084600000|100%| O|  |TAMS 0x0000000084600000, 0x0000000084500000| Untracked 
|  18|0x0000000084600000, 0x0000000084700000, 0x0000000084700000|100%| O|  |TAMS 0x0000000084700000, 0x0000000084600000| Untracked 
|  19|0x0000000084700000, 0x00000000847cbc00, 0x0000000084800000| 79%| O|  |TAMS 0x00000000847cbc00, 0x0000000084700000| Untracked 
|  20|0x0000000084800000, 0x0000000084800000, 0x0000000084900000|  0%| F|  |TAMS 0x0000000084800000, 0x0000000084800000| Untracked 
|  21|0x0000000084900000, 0x0000000084900000, 0x0000000084a00000|  0%| F|  |TAMS 0x0000000084900000, 0x0000000084900000| Untracked 
|  22|0x0000000084a00000, 0x0000000084a00000, 0x0000000084b00000|  0%| F|  |TAMS 0x0000000084a00000, 0x0000000084a00000| Untracked 
|  23|0x0000000084b00000, 0x0000000084b00000, 0x0000000084c00000|  0%| F|  |TAMS 0x0000000084b00000, 0x0000000084b00000| Untracked 
|  24|0x0000000084c00000, 0x0000000084c00000, 0x0000000084d00000|  0%| F|  |TAMS 0x0000000084c00000, 0x0000000084c00000| Untracked 
|  25|0x0000000084d00000, 0x0000000084d00000, 0x0000000084e00000|  0%| F|  |TAMS 0x0000000084d00000, 0x0000000084d00000| Untracked 
|  26|0x0000000084e00000, 0x0000000084e00000, 0x0000000084f00000|  0%| F|  |TAMS 0x0000000084e00000, 0x0000000084e00000| Untracked 
|  27|0x0000000084f00000, 0x0000000084f00000, 0x0000000085000000|  0%| F|  |TAMS 0x0000000084f00000, 0x0000000084f00000| Untracked 
|  28|0x0000000085000000, 0x0000000085000000, 0x0000000085100000|  0%| F|  |TAMS 0x0000000085000000, 0x0000000085000000| Untracked 
|  29|0x0000000085100000, 0x0000000085100000, 0x0000000085200000|  0%| F|  |TAMS 0x0000000085100000, 0x0000000085100000| Untracked 
|  30|0x0000000085200000, 0x0000000085200000, 0x0000000085300000|  0%| F|  |TAMS 0x0000000085200000, 0x0000000085200000| Untracked 
|  31|0x0000000085300000, 0x0000000085300000, 0x0000000085400000|  0%| F|  |TAMS 0x0000000085300000, 0x0000000085300000| Untracked 
|  32|0x0000000085400000, 0x0000000085400000, 0x0000000085500000|  0%| F|  |TAMS 0x0000000085400000, 0x0000000085400000| Untracked 
|  33|0x0000000085500000, 0x0000000085500000, 0x0000000085600000|  0%| F|  |TAMS 0x0000000085500000, 0x0000000085500000| Untracked 
|  34|0x0000000085600000, 0x0000000085600000, 0x0000000085700000|  0%| F|  |TAMS 0x0000000085600000, 0x0000000085600000| Untracked 
|  35|0x0000000085700000, 0x0000000085700000, 0x0000000085800000|  0%| F|  |TAMS 0x0000000085700000, 0x0000000085700000| Untracked 
|  36|0x0000000085800000, 0x0000000085800000, 0x0000000085900000|  0%| F|  |TAMS 0x0000000085800000, 0x0000000085800000| Untracked 
|  37|0x0000000085900000, 0x0000000085901578, 0x0000000085a00000|  0%| S|CS|TAMS 0x0000000085900000, 0x0000000085900000| Complete 
|  38|0x0000000085a00000, 0x0000000085b00000, 0x0000000085b00000|100%| S|CS|TAMS 0x0000000085a00000, 0x0000000085a00000| Complete 
|  39|0x0000000085b00000, 0x0000000085b00000, 0x0000000085c00000|  0%| F|  |TAMS 0x0000000085b00000, 0x0000000085b00000| Untracked 
|  40|0x0000000085c00000, 0x0000000085c00000, 0x0000000085d00000|  0%| F|  |TAMS 0x0000000085c00000, 0x0000000085c00000| Untracked 
|  41|0x0000000085d00000, 0x0000000085d00000, 0x0000000085e00000|  0%| F|  |TAMS 0x0000000085d00000, 0x0000000085d00000| Untracked 
|  42|0x0000000085e00000, 0x0000000085e00000, 0x0000000085f00000|  0%| F|  |TAMS 0x0000000085e00000, 0x0000000085e00000| Untracked 
|  43|0x0000000085f00000, 0x0000000085f00000, 0x0000000086000000|  0%| F|  |TAMS 0x0000000085f00000, 0x0000000085f00000| Untracked 
|  44|0x0000000086000000, 0x0000000086000000, 0x0000000086100000|  0%| F|  |TAMS 0x0000000086000000, 0x0000000086000000| Untracked 
|  45|0x0000000086100000, 0x0000000086100000, 0x0000000086200000|  0%| F|  |TAMS 0x0000000086100000, 0x0000000086100000| Untracked 
|  46|0x0000000086200000, 0x0000000086200000, 0x0000000086300000|  0%| F|  |TAMS 0x0000000086200000, 0x0000000086200000| Untracked 
|  47|0x0000000086300000, 0x0000000086300000, 0x0000000086400000|  0%| F|  |TAMS 0x0000000086300000, 0x0000000086300000| Untracked 
|  48|0x0000000086400000, 0x0000000086400000, 0x0000000086500000|  0%| F|  |TAMS 0x0000000086400000, 0x0000000086400000| Untracked 
|  49|0x0000000086500000, 0x0000000086500000, 0x0000000086600000|  0%| F|  |TAMS 0x0000000086500000, 0x0000000086500000| Untracked 
|  50|0x0000000086600000, 0x0000000086600000, 0x0000000086700000|  0%| F|  |TAMS 0x0000000086600000, 0x0000000086600000| Untracked 
|  51|0x0000000086700000, 0x0000000086700000, 0x0000000086800000|  0%| F|  |TAMS 0x0000000086700000, 0x0000000086700000| Untracked 
|  52|0x0000000086800000, 0x0000000086800000, 0x0000000086900000|  0%| F|  |TAMS 0x0000000086800000, 0x0000000086800000| Untracked 
|  53|0x0000000086900000, 0x0000000086900000, 0x0000000086a00000|  0%| F|  |TAMS 0x0000000086900000, 0x0000000086900000| Untracked 
|  54|0x0000000086a00000, 0x0000000086a00000, 0x0000000086b00000|  0%| F|  |TAMS 0x0000000086a00000, 0x0000000086a00000| Untracked 
|  55|0x0000000086b00000, 0x0000000086b00000, 0x0000000086c00000|  0%| F|  |TAMS 0x0000000086b00000, 0x0000000086b00000| Untracked 
|  56|0x0000000086c00000, 0x0000000086c00000, 0x0000000086d00000|  0%| F|  |TAMS 0x0000000086c00000, 0x0000000086c00000| Untracked 
|  57|0x0000000086d00000, 0x0000000086d00000, 0x0000000086e00000|  0%| F|  |TAMS 0x0000000086d00000, 0x0000000086d00000| Untracked 
|  58|0x0000000086e00000, 0x0000000086e00000, 0x0000000086f00000|  0%| F|  |TAMS 0x0000000086e00000, 0x0000000086e00000| Untracked 
|  59|0x0000000086f00000, 0x0000000086f00000, 0x0000000087000000|  0%| F|  |TAMS 0x0000000086f00000, 0x0000000086f00000| Untracked 
|  60|0x0000000087000000, 0x0000000087000000, 0x0000000087100000|  0%| F|  |TAMS 0x0000000087000000, 0x0000000087000000| Untracked 
|  61|0x0000000087100000, 0x0000000087180800, 0x0000000087200000| 50%| E|  |TAMS 0x0000000087100000, 0x0000000087100000| Complete 
|  62|0x0000000087200000, 0x0000000087300000, 0x0000000087300000|100%| E|CS|TAMS 0x0000000087200000, 0x0000000087200000| Complete 
|  63|0x0000000087300000, 0x0000000087400000, 0x0000000087400000|100%| E|CS|TAMS 0x0000000087300000, 0x0000000087300000| Complete 
|  64|0x0000000087400000, 0x0000000087500000, 0x0000000087500000|100%| E|CS|TAMS 0x0000000087400000, 0x0000000087400000| Complete 
|  65|0x0000000087500000, 0x0000000087600000, 0x0000000087600000|100%| E|CS|TAMS 0x0000000087500000, 0x0000000087500000| Complete 
|  66|0x0000000087600000, 0x0000000087700000, 0x0000000087700000|100%| E|CS|TAMS 0x0000000087600000, 0x0000000087600000| Complete 
|  67|0x0000000087700000, 0x0000000087800000, 0x0000000087800000|100%| E|CS|TAMS 0x0000000087700000, 0x0000000087700000| Complete 
|  68|0x0000000087800000, 0x0000000087900000, 0x0000000087900000|100%| E|CS|TAMS 0x0000000087800000, 0x0000000087800000| Complete 
|  69|0x0000000087900000, 0x0000000087a00000, 0x0000000087a00000|100%| E|CS|TAMS 0x0000000087900000, 0x0000000087900000| Complete 
|  70|0x0000000087a00000, 0x0000000087b00000, 0x0000000087b00000|100%| E|CS|TAMS 0x0000000087a00000, 0x0000000087a00000| Complete 
|  71|0x0000000087b00000, 0x0000000087c00000, 0x0000000087c00000|100%| E|CS|TAMS 0x0000000087b00000, 0x0000000087b00000| Complete 
|  72|0x0000000087c00000, 0x0000000087d00000, 0x0000000087d00000|100%| E|CS|TAMS 0x0000000087c00000, 0x0000000087c00000| Complete 
|  73|0x0000000087d00000, 0x0000000087e00000, 0x0000000087e00000|100%| E|CS|TAMS 0x0000000087d00000, 0x0000000087d00000| Complete 
|  74|0x0000000087e00000, 0x0000000087f00000, 0x0000000087f00000|100%| E|CS|TAMS 0x0000000087e00000, 0x0000000087e00000| Complete 
|  75|0x0000000087f00000, 0x0000000088000000, 0x0000000088000000|100%| E|CS|TAMS 0x0000000087f00000, 0x0000000087f00000| Complete 
|  76|0x0000000088000000, 0x0000000088100000, 0x0000000088100000|100%| E|CS|TAMS 0x0000000088000000, 0x0000000088000000| Complete 
|  77|0x0000000088100000, 0x0000000088200000, 0x0000000088200000|100%| E|CS|TAMS 0x0000000088100000, 0x0000000088100000| Complete 
|  78|0x0000000088200000, 0x0000000088300000, 0x0000000088300000|100%| E|CS|TAMS 0x0000000088200000, 0x0000000088200000| Complete 
|  79|0x0000000088300000, 0x0000000088400000, 0x0000000088400000|100%| E|CS|TAMS 0x0000000088300000, 0x0000000088300000| Complete 
|  80|0x0000000088400000, 0x0000000088500000, 0x0000000088500000|100%| E|CS|TAMS 0x0000000088400000, 0x0000000088400000| Complete 
|  81|0x0000000088500000, 0x0000000088600000, 0x0000000088600000|100%| E|CS|TAMS 0x0000000088500000, 0x0000000088500000| Complete 
|  82|0x0000000088600000, 0x0000000088700000, 0x0000000088700000|100%| E|CS|TAMS 0x0000000088600000, 0x0000000088600000| Complete 
|  83|0x0000000088700000, 0x0000000088800000, 0x0000000088800000|100%| E|CS|TAMS 0x0000000088700000, 0x0000000088700000| Complete 
|  84|0x0000000088800000, 0x0000000088900000, 0x0000000088900000|100%| E|CS|TAMS 0x0000000088800000, 0x0000000088800000| Complete 
|  85|0x0000000088900000, 0x0000000088a00000, 0x0000000088a00000|100%| E|CS|TAMS 0x0000000088900000, 0x0000000088900000| Complete 
|  86|0x0000000088a00000, 0x0000000088b00000, 0x0000000088b00000|100%| E|CS|TAMS 0x0000000088a00000, 0x0000000088a00000| Complete 
| 125|0x000000008b100000, 0x000000008b200000, 0x000000008b200000|100%| E|CS|TAMS 0x000000008b100000, 0x000000008b100000| Complete 

Card table byte_map: [0x00000172dd710000,0x00000172ddb00000] _byte_map_base: 0x00000172dd2f6000

Marking Bits (Prev, Next): (CMBitMap*) 0x00000172c68c3f80, (CMBitMap*) 0x00000172c68c3fc0
 Prev Bits: [0x00000172ddef0000, 0x00000172dfe20000)
 Next Bits: [0x00000172dfe20000, 0x00000172e1d50000)

Polling page: 0x00000172c47c0000

Metaspace:

Usage:
  Non-class:     31.46 MB used.
      Class:      4.51 MB used.
       Both:     35.97 MB used.

Virtual space:
  Non-class space:       40.00 MB reserved,      31.62 MB ( 79%) committed,  5 nodes.
      Class space:        1.00 GB reserved,       4.62 MB ( <1%) committed,  1 nodes.
              Both:        1.04 GB reserved,      36.25 MB (  3%) committed. 

Chunk freelists:
   Non-Class:  3.70 MB
       Class:  3.25 MB
        Both:  6.95 MB

MaxMetaspaceSize: 17179869184.00 GB
CompressedClassSpaceSize: 1.00 GB
 - commit_granule_bytes: 65536.
 - commit_granule_words: 8192.
 - virtual_space_node_default_size: 1048576.
 - enlarge_chunks_in_place: 1.
 - new_chunks_are_fully_committed: 0.
 - uncommit_free_chunks: 1.
 - use_allocation_guard: 0.
 - handle_deallocations: 1.


Internal statistics:

num_allocs_failed_limit: 3.
num_arena_births: 370.
num_arena_deaths: 0.
num_vsnodes_births: 6.
num_vsnodes_deaths: 0.
num_space_committed: 580.
num_space_uncommitted: 0.
num_chunks_returned_to_freelist: 3.
num_chunks_taken_from_freelist: 1656.
num_chunk_merges: 3.
num_chunk_splits: 1116.
num_chunks_enlarged: 824.
num_purges: 0.

CodeHeap 'non-profiled nmethods': size=120000Kb used=1637Kb max_used=1637Kb free=118362Kb
 bounds [0x00000172d5ac0000, 0x00000172d5d30000, 0x00000172dcff0000]
CodeHeap 'profiled nmethods': size=120000Kb used=9157Kb max_used=9157Kb free=110842Kb
 bounds [0x00000172ce590000, 0x00000172cee90000, 0x00000172d5ac0000]
CodeHeap 'non-nmethods': size=5760Kb used=1241Kb max_used=1297Kb free=4518Kb
 bounds [0x00000172cdff0000, 0x00000172ce260000, 0x00000172ce590000]
 total_blobs=4648 nmethods=4102 adapters=458
 compilation: enabled
              stopped_count=0, restarted_count=0
 full_count=0

Compilation events (20 events):
Event: 6.608 Thread 0x00000172e4766660 nmethod 4174 0x00000172cee7dc10 code [0x00000172cee7ddc0, 0x00000172cee7df08]
Event: 6.609 Thread 0x00000172e475c050 4176   !   4       java.lang.StringCoding::decode (362 bytes)
Event: 6.639 Thread 0x00000172e475c050 nmethod 4176 0x00000172d5c56190 code [0x00000172d5c564c0, 0x00000172d5c57750]
Event: 6.639 Thread 0x00000172e475c050 4178       4       java.net.URLStreamHandler::parseURL (1201 bytes)
Event: 6.684 Thread 0x00000172e4766660 4182       1       org.postgresql.core.AsciiStringInterner$BaseKey::hashCode (5 bytes)
Event: 6.684 Thread 0x00000172e4766660 nmethod 4182 0x00000172d5c58910 code [0x00000172d5c58aa0, 0x00000172d5c58b78]
Event: 6.684 Thread 0x00000172e4766660 4183       1       org.postgresql.core.VisibleBufferedInputStream::getBuffer (5 bytes)
Event: 6.684 Thread 0x00000172e4766660 nmethod 4183 0x00000172d5c58c10 code [0x00000172d5c58da0, 0x00000172d5c58e78]
Event: 6.684 Thread 0x00000172e4766660 4184       1       org.postgresql.core.VisibleBufferedInputStream::getIndex (5 bytes)
Event: 6.685 Thread 0x00000172e4766660 nmethod 4184 0x00000172d5c58f10 code [0x00000172d5c590a0, 0x00000172d5c59178]
Event: 6.686 Thread 0x00000172e4766660 4185       3       java.util.Hashtable::<init> (114 bytes)
Event: 6.688 Thread 0x00000172e4766660 nmethod 4185 0x00000172cee7df90 code [0x00000172cee7e2e0, 0x00000172cee7f438]
Event: 6.688 Thread 0x00000172e4766660 4186       3       java.util.stream.IntPipeline$10$1::accept (27 bytes)
Event: 6.688 Thread 0x00000172e4766660 nmethod 4186 0x00000172cee7fa10 code [0x00000172cee7fbe0, 0x00000172cee7fed8]
Event: 6.694 Thread 0x00000172e4766660 4187       3       java.util.Arrays$ArrayList::get (7 bytes)
Event: 6.694 Thread 0x00000172e4766660 nmethod 4187 0x00000172cee80010 code [0x00000172cee801a0, 0x00000172cee802d8]
Event: 6.702 Thread 0x00000172e4766660 4189       3       jdk.internal.loader.NativeLibraries$NativeLibraryImpl::find (6 bytes)
Event: 6.702 Thread 0x00000172e4766660 nmethod 4189 0x00000172cee80390 code [0x00000172cee80540, 0x00000172cee80668]
Event: 6.703 Thread 0x00000172e4766660 4191  s    3       java.io.BufferedOutputStream::write (67 bytes)
Event: 6.704 Thread 0x00000172e4766660 nmethod 4191 0x00000172cee80710 code [0x00000172cee80920, 0x00000172cee81098]

GC Heap History (20 events):
Event: 0.791 GC heap before
{Heap before GC invocations=0 (full 0):
 garbage-first heap   total 129024K, used 23552K [0x0000000083400000, 0x0000000100000000)
  region size 1024K, 23 young (23552K), 0 survivors (0K)
 Metaspace       used 4300K, committed 4416K, reserved 1056768K
  class space    used 461K, committed 512K, reserved 1048576K
}
Event: 0.799 GC heap after
{Heap after GC invocations=1 (full 0):
 garbage-first heap   total 129024K, used 6091K [0x0000000083400000, 0x0000000100000000)
  region size 1024K, 3 young (3072K), 3 survivors (3072K)
 Metaspace       used 4300K, committed 4416K, reserved 1056768K
  class space    used 461K, committed 512K, reserved 1048576K
}
Event: 0.918 GC heap before
{Heap before GC invocations=1 (full 0):
 garbage-first heap   total 129024K, used 34763K [0x0000000083400000, 0x0000000100000000)
  region size 1024K, 32 young (32768K), 3 survivors (3072K)
 Metaspace       used 4665K, committed 4800K, reserved 1056768K
  class space    used 509K, committed 576K, reserved 1048576K
}
Event: 0.922 GC heap after
{Heap after GC invocations=2 (full 0):
 garbage-first heap   total 129024K, used 6342K [0x0000000083400000, 0x0000000100000000)
  region size 1024K, 1 young (1024K), 1 survivors (1024K)
 Metaspace       used 4665K, committed 4800K, reserved 1056768K
  class space    used 509K, committed 576K, reserved 1048576K
}
Event: 3.030 GC heap before
{Heap before GC invocations=2 (full 0):
 garbage-first heap   total 129024K, used 81094K [0x0000000083400000, 0x0000000100000000)
  region size 1024K, 75 young (76800K), 1 survivors (1024K)
 Metaspace       used 20023K, committed 20288K, reserved 1073152K
  class space    used 2446K, committed 2560K, reserved 1048576K
}
Event: 3.037 GC heap after
{Heap after GC invocations=3 (full 0):
 garbage-first heap   total 129024K, used 11006K [0x0000000083400000, 0x0000000100000000)
  region size 1024K, 5 young (5120K), 5 survivors (5120K)
 Metaspace       used 20023K, committed 20288K, reserved 1073152K
  class space    used 2446K, committed 2560K, reserved 1048576K
}
Event: 3.481 GC heap before
{Heap before GC invocations=3 (full 0):
 garbage-first heap   total 129024K, used 51966K [0x0000000083400000, 0x0000000100000000)
  region size 1024K, 47 young (48128K), 5 survivors (5120K)
 Metaspace       used 21051K, committed 21248K, reserved 1073152K
  class space    used 2572K, committed 2688K, reserved 1048576K
}
Event: 3.487 GC heap after
{Heap after GC invocations=4 (full 0):
 garbage-first heap   total 129024K, used 11999K [0x0000000083400000, 0x0000000100000000)
  region size 1024K, 6 young (6144K), 6 survivors (6144K)
 Metaspace       used 21051K, committed 21248K, reserved 1073152K
  class space    used 2572K, committed 2688K, reserved 1048576K
}
Event: 4.224 GC heap before
{Heap before GC invocations=5 (full 0):
 garbage-first heap   total 45056K, used 32479K [0x0000000083400000, 0x0000000100000000)
  region size 1024K, 26 young (26624K), 6 survivors (6144K)
 Metaspace       used 23977K, committed 24192K, reserved 1073152K
  class space    used 2977K, committed 3072K, reserved 1048576K
}
Event: 4.233 GC heap after
{Heap after GC invocations=6 (full 0):
 garbage-first heap   total 45056K, used 13698K [0x0000000083400000, 0x0000000100000000)
  region size 1024K, 3 young (3072K), 3 survivors (3072K)
 Metaspace       used 23977K, committed 24192K, reserved 1073152K
  class space    used 2977K, committed 3072K, reserved 1048576K
}
Event: 4.820 GC heap before
{Heap before GC invocations=6 (full 0):
 garbage-first heap   total 45056K, used 33154K [0x0000000083400000, 0x0000000100000000)
  region size 1024K, 22 young (22528K), 3 survivors (3072K)
 Metaspace       used 26378K, committed 26688K, reserved 1073152K
  class space    used 3301K, committed 3456K, reserved 1048576K
}
Event: 4.826 GC heap after
{Heap after GC invocations=7 (full 0):
 garbage-first heap   total 45056K, used 15059K [0x0000000083400000, 0x0000000100000000)
  region size 1024K, 3 young (3072K), 3 survivors (3072K)
 Metaspace       used 26378K, committed 26688K, reserved 1073152K
  class space    used 3301K, committed 3456K, reserved 1048576K
}
Event: 5.428 GC heap before
{Heap before GC invocations=7 (full 0):
 garbage-first heap   total 45056K, used 32467K [0x0000000083400000, 0x0000000100000000)
  region size 1024K, 21 young (21504K), 3 survivors (3072K)
 Metaspace       used 29360K, committed 29696K, reserved 1081344K
  class space    used 3665K, committed 3840K, reserved 1048576K
}
Event: 5.434 GC heap after
{Heap after GC invocations=8 (full 0):
 garbage-first heap   total 45056K, used 19881K [0x0000000083400000, 0x0000000100000000)
  region size 1024K, 3 young (3072K), 3 survivors (3072K)
 Metaspace       used 29360K, committed 29696K, reserved 1081344K
  class space    used 3665K, committed 3840K, reserved 1048576K
}
Event: 5.437 GC heap before
{Heap before GC invocations=8 (full 0):
 garbage-first heap   total 45056K, used 31145K [0x0000000083400000, 0x0000000100000000)
  region size 1024K, 15 young (15360K), 3 survivors (3072K)
 Metaspace       used 29360K, committed 29696K, reserved 1081344K
  class space    used 3665K, committed 3840K, reserved 1048576K
}
Event: 5.439 GC heap after
{Heap after GC invocations=9 (full 0):
 garbage-first heap   total 45056K, used 20216K [0x0000000083400000, 0x0000000100000000)
  region size 1024K, 1 young (1024K), 1 survivors (1024K)
 Metaspace       used 29360K, committed 29696K, reserved 1081344K
  class space    used 3665K, committed 3840K, reserved 1048576K
}
Event: 5.441 GC heap before
{Heap before GC invocations=9 (full 0):
 garbage-first heap   total 45056K, used 31480K [0x0000000083400000, 0x0000000100000000)
  region size 1024K, 13 young (13312K), 1 survivors (1024K)
 Metaspace       used 29360K, committed 29696K, reserved 1081344K
  class space    used 3665K, committed 3840K, reserved 1048576K
}
Event: 5.443 GC heap after
{Heap after GC invocations=10 (full 0):
 garbage-first heap   total 90112K, used 20232K [0x0000000083400000, 0x0000000100000000)
  region size 1024K, 1 young (1024K), 1 survivors (1024K)
 Metaspace       used 29360K, committed 29696K, reserved 1081344K
  class space    used 3665K, committed 3840K, reserved 1048576K
}
Event: 5.762 GC heap before
{Heap before GC invocations=11 (full 0):
 garbage-first heap   total 90112K, used 69384K [0x0000000083400000, 0x0000000100000000)
  region size 1024K, 50 young (51200K), 1 survivors (1024K)
 Metaspace       used 30578K, committed 30912K, reserved 1081344K
  class space    used 3777K, committed 3904K, reserved 1048576K
}
Event: 5.764 GC heap after
{Heap after GC invocations=12 (full 0):
 garbage-first heap   total 90112K, used 21202K [0x0000000083400000, 0x0000000100000000)
  region size 1024K, 2 young (2048K), 2 survivors (2048K)
 Metaspace       used 30578K, committed 30912K, reserved 1081344K
  class space    used 3777K, committed 3904K, reserved 1048576K
}

Deoptimization events (20 events):
Event: 5.930 Thread 0x00000172e47568b0 Uncommon trap: trap_request=0xffffff45 fr.pc=0x00000172d5b1d500 relative=0x0000000000000140
Event: 5.930 Thread 0x00000172e47568b0 Uncommon trap: reason=unstable_if action=reinterpret pc=0x00000172d5b1d500 method=java.util.HashMap.getNode(Ljava/lang/Object;)Ljava/util/HashMap$Node; @ 66 c2
Event: 5.930 Thread 0x00000172e47568b0 DEOPT PACKING pc=0x00000172d5b1d500 sp=0x0000002864afb150
Event: 5.930 Thread 0x00000172e47568b0 DEOPT UNPACKING pc=0x00000172ce03d72e sp=0x0000002864afb0d0 mode 2
Event: 6.132 Thread 0x00000172e47568b0 Uncommon trap: trap_request=0xffffff45 fr.pc=0x00000172d5b01f64 relative=0x00000000000000c4
Event: 6.132 Thread 0x00000172e47568b0 Uncommon trap: reason=unstable_if action=reinterpret pc=0x00000172d5b01f64 method=java.net.URI.match(CJJ)Z @ 45 c2
Event: 6.132 Thread 0x00000172e47568b0 DEOPT PACKING pc=0x00000172d5b01f64 sp=0x0000002864afa490
Event: 6.132 Thread 0x00000172e47568b0 DEOPT UNPACKING pc=0x00000172ce03d72e sp=0x0000002864afa418 mode 2
Event: 6.246 Thread 0x00000172e47568b0 Uncommon trap: trap_request=0xffffff45 fr.pc=0x00000172d5c33044 relative=0x0000000000000124
Event: 6.246 Thread 0x00000172e47568b0 Uncommon trap: reason=unstable_if action=reinterpret pc=0x00000172d5c33044 method=java.util.Arrays.hashCode([Ljava/lang/Object;)I @ 34 c2
Event: 6.246 Thread 0x00000172e47568b0 DEOPT PACKING pc=0x00000172d5c33044 sp=0x0000002864afaba0
Event: 6.246 Thread 0x00000172e47568b0 DEOPT UNPACKING pc=0x00000172ce03d72e sp=0x0000002864afab18 mode 2
Event: 6.247 Thread 0x00000172e47568b0 Uncommon trap: trap_request=0xffffff45 fr.pc=0x00000172d5ba81dc relative=0x00000000000000bc
Event: 6.247 Thread 0x00000172e47568b0 Uncommon trap: reason=unstable_if action=reinterpret pc=0x00000172d5ba81dc method=java.lang.CharacterDataLatin1.isWhitespace(I)Z @ 14 c2
Event: 6.247 Thread 0x00000172e47568b0 DEOPT PACKING pc=0x00000172d5ba81dc sp=0x0000002864afaaa0
Event: 6.247 Thread 0x00000172e47568b0 DEOPT UNPACKING pc=0x00000172ce03d72e sp=0x0000002864afa968 mode 2
Event: 6.247 Thread 0x00000172e47568b0 Uncommon trap: trap_request=0xffffff45 fr.pc=0x00000172d5b1be24 relative=0x0000000000000084
Event: 6.247 Thread 0x00000172e47568b0 Uncommon trap: reason=unstable_if action=reinterpret pc=0x00000172d5b1be24 method=java.lang.CharacterDataLatin1.isWhitespace(I)Z @ 14 c2
Event: 6.247 Thread 0x00000172e47568b0 DEOPT PACKING pc=0x00000172d5b1be24 sp=0x0000002864afaa10
Event: 6.247 Thread 0x00000172e47568b0 DEOPT UNPACKING pc=0x00000172ce03d72e sp=0x0000002864afa980 mode 2

Classes unloaded (0 events):
No events

Classes redefined (0 events):
No events

Internal exceptions (20 events):
Event: 5.941 Thread 0x00000172e47568b0 Exception <a 'java/lang/NullPointerException'{0x0000000088663548}> (0x0000000088663548) 
thrown [t:\workspace\open\src\hotspot\share\runtime\sharedRuntime.cpp, line 624]
Event: 5.941 Thread 0x00000172e47568b0 Implicit null exception at 0x00000172cebfbb15 to 0x00000172cebfc0e9
Event: 5.941 Thread 0x00000172e47568b0 Exception <a 'java/lang/NullPointerException'{0x0000000088664540}> (0x0000000088664540) 
thrown [t:\workspace\open\src\hotspot\share\runtime\sharedRuntime.cpp, line 624]
Event: 5.941 Thread 0x00000172e47568b0 Implicit null exception at 0x00000172cebfbb15 to 0x00000172cebfc0e9
Event: 5.941 Thread 0x00000172e47568b0 Exception <a 'java/lang/NullPointerException'{0x0000000088665550}> (0x0000000088665550) 
thrown [t:\workspace\open\src\hotspot\share\runtime\sharedRuntime.cpp, line 624]
Event: 5.941 Thread 0x00000172e47568b0 Implicit null exception at 0x00000172cebfbb15 to 0x00000172cebfc0e9
Event: 5.941 Thread 0x00000172e47568b0 Exception <a 'java/lang/NullPointerException'{0x0000000088666548}> (0x0000000088666548) 
thrown [t:\workspace\open\src\hotspot\share\runtime\sharedRuntime.cpp, line 624]
Event: 5.941 Thread 0x00000172e47568b0 Implicit null exception at 0x00000172cebfbb15 to 0x00000172cebfc0e9
Event: 5.941 Thread 0x00000172e47568b0 Exception <a 'java/lang/NullPointerException'{0x00000000886674f8}> (0x00000000886674f8) 
thrown [t:\workspace\open\src\hotspot\share\runtime\sharedRuntime.cpp, line 624]
Event: 5.941 Thread 0x00000172e47568b0 Implicit null exception at 0x00000172cebfbb15 to 0x00000172cebfc0e9
Event: 5.941 Thread 0x00000172e47568b0 Exception <a 'java/lang/NullPointerException'{0x00000000886684a8}> (0x00000000886684a8) 
thrown [t:\workspace\open\src\hotspot\share\runtime\sharedRuntime.cpp, line 624]
Event: 5.941 Thread 0x00000172e47568b0 Implicit null exception at 0x00000172cebfbb15 to 0x00000172cebfc0e9
Event: 5.941 Thread 0x00000172e47568b0 Exception <a 'java/lang/NullPointerException'{0x0000000088669448}> (0x0000000088669448) 
thrown [t:\workspace\open\src\hotspot\share\runtime\sharedRuntime.cpp, line 624]
Event: 5.941 Thread 0x00000172e47568b0 Implicit null exception at 0x00000172cebfbb15 to 0x00000172cebfc0e9
Event: 5.941 Thread 0x00000172e47568b0 Exception <a 'java/lang/NullPointerException'{0x000000008866a3f8}> (0x000000008866a3f8) 
thrown [t:\workspace\open\src\hotspot\share\runtime\sharedRuntime.cpp, line 624]
Event: 5.942 Thread 0x00000172e47568b0 Implicit null exception at 0x00000172cebfbb15 to 0x00000172cebfc0e9
Event: 5.942 Thread 0x00000172e47568b0 Exception <a 'java/lang/NullPointerException'{0x000000008866b3a8}> (0x000000008866b3a8) 
thrown [t:\workspace\open\src\hotspot\share\runtime\sharedRuntime.cpp, line 624]
Event: 6.096 Thread 0x00000172e47568b0 Exception <a 'java/lang/NoSuchMethodError'{0x00000000881a1360}: 'int java.lang.invoke.DirectMethodHandle$Holder.invokeStaticInit(java.lang.Object, java.lang.Object, java.lang.Object, java.lang.Object)'> (0x00000000881a1360) 
thrown [t:\workspace\open\src\hotspot\share\interpreter\linkResolver.cpp, line 790]
Event: 6.246 Thread 0x00000172e47568b0 Implicit null exception at 0x00000172d5c32f57 to 0x00000172d5c33028
Event: 6.304 Thread 0x00000172e47568b0 Exception <a 'java/lang/NoSuchMethodError'{0x0000000087d32120}: 'java.lang.Object java.lang.invoke.DirectMethodHandle$Holder.invokeStaticInit(java.lang.Object, java.lang.Object, java.lang.Object, java.lang.Object)'> (0x0000000087d32120) 
thrown [t:\workspace\open\src\hotspot\share\interpreter\linkResolver.cpp, line 790]

Events (20 events):
Event: 6.294 loading class java/util/concurrent/ThreadPoolExecutor$Worker
Event: 6.294 loading class java/util/concurrent/ThreadPoolExecutor$Worker done
Event: 6.294 Thread 0x00000172e4758340 Thread added: 0x00000172e4758340
Event: 6.294 loading class java/util/concurrent/TimeUnit$1
Event: 6.294 loading class java/util/concurrent/TimeUnit$1 done
Event: 6.294 loading class java/util/concurrent/locks/AbstractQueuedSynchronizer$ConditionNode
Event: 6.294 loading class java/util/concurrent/ForkJoinPool$ManagedBlocker
Event: 6.294 loading class java/util/concurrent/ThreadPoolExecutor$CallerRunsPolicy
Event: 6.295 loading class java/util/concurrent/ForkJoinPool$ManagedBlocker done
Event: 6.295 loading class java/util/concurrent/locks/AbstractQueuedSynchronizer$ConditionNode done
Event: 6.295 loading class java/util/concurrent/ThreadPoolExecutor$CallerRunsPolicy done
Event: 6.295 Executing  VM operation: HandshakeAllThreads
Event: 6.295 Executing  VM operation: HandshakeAllThreads done
Event: 6.372 loading class java/util/IllegalFormatException
Event: 6.372 loading class java/util/IllegalFormatException done
Event: 6.397 Thread 0x00000172e5a73560 Thread added: 0x00000172e5a73560
Event: 6.591 loading class java/lang/Process
Event: 6.592 loading class java/lang/Process done
Event: 6.634 loading class java/lang/reflect/GenericSignatureFormatError
Event: 6.634 loading class java/lang/reflect/GenericSignatureFormatError done


Dynamic libraries:
0x00007ff7342c0000 - 0x00007ff7342d0000 	C:\Program Files\Java\jdk-16.0.2\bin\javaw.exe
0x00007fff9e270000 - 0x00007fff9e484000 	C:\WINDOWS\SYSTEM32\ntdll.dll
0x00007fff9d420000 - 0x00007fff9d4e2000 	C:\WINDOWS\System32\KERNEL32.DLL
0x00007fff9b9a0000 - 0x00007fff9bd3d000 	C:\WINDOWS\System32\KERNELBASE.dll
0x00007fff9b880000 - 0x00007fff9b991000 	C:\WINDOWS\System32\ucrtbase.dll
0x00007fff869a0000 - 0x00007fff869b8000 	C:\Program Files\Java\jdk-16.0.2\bin\jli.dll
0x00007fff86a40000 - 0x00007fff86a59000 	C:\Program Files\Java\jdk-16.0.2\bin\VCRUNTIME140.dll
0x00007fff9c090000 - 0x00007fff9c13e000 	C:\WINDOWS\System32\ADVAPI32.dll
0x00007fff9c150000 - 0x00007fff9c1f7000 	C:\WINDOWS\System32\msvcrt.dll
0x00007fff9d5a0000 - 0x00007fff9d644000 	C:\WINDOWS\System32\sechost.dll
0x00007fff9e000000 - 0x00007fff9e115000 	C:\WINDOWS\System32\RPCRT4.dll
0x00007fff9c3b0000 - 0x00007fff9c55a000 	C:\WINDOWS\System32\USER32.dll
0x00007fff9b6a0000 - 0x00007fff9b6c6000 	C:\WINDOWS\System32\win32u.dll
0x00007fff69f70000 - 0x00007fff6a1fe000 	C:\WINDOWS\WinSxS\amd64_microsoft.windows.common-controls_6595b64144ccf1df_6.0.22621.608_none_a9444ca7c10bb01d\COMCTL32.dll
0x00007fff9d060000 - 0x00007fff9d089000 	C:\WINDOWS\System32\GDI32.dll
0x00007fff9bd40000 - 0x00007fff9be52000 	C:\WINDOWS\System32\gdi32full.dll
0x00007fff9bfd0000 - 0x00007fff9c06a000 	C:\WINDOWS\System32\msvcp_win.dll
0x00007fff8a080000 - 0x00007fff8a08a000 	C:\WINDOWS\SYSTEM32\VERSION.dll
0x00007fff9c560000 - 0x00007fff9c592000 	C:\WINDOWS\System32\IMM32.DLL
0x00007fff93a60000 - 0x00007fff93a6c000 	C:\Program Files\Java\jdk-16.0.2\bin\vcruntime140_1.dll
0x00007fff4c8b0000 - 0x00007fff4c941000 	C:\Program Files\Java\jdk-16.0.2\bin\msvcp140.dll
0x00007fff28ea0000 - 0x00007fff29a4b000 	C:\Program Files\Java\jdk-16.0.2\bin\server\jvm.dll
0x00007fff9de50000 - 0x00007fff9de58000 	C:\WINDOWS\System32\PSAPI.DLL
0x00007fff8f180000 - 0x00007fff8f1b4000 	C:\WINDOWS\SYSTEM32\WINMM.dll
0x00007fff7aea0000 - 0x00007fff7aea9000 	C:\WINDOWS\SYSTEM32\WSOCK32.dll
0x00007fff9dbd0000 - 0x00007fff9dc41000 	C:\WINDOWS\System32\WS2_32.dll
0x00007fff9a710000 - 0x00007fff9a728000 	C:\WINDOWS\SYSTEM32\kernel.appcore.dll
0x00007fff8fea0000 - 0x00007fff8feaa000 	C:\Program Files\Java\jdk-16.0.2\bin\jimage.dll
0x00007fff99020000 - 0x00007fff9924e000 	C:\WINDOWS\SYSTEM32\DBGHELP.DLL
0x00007fff9d090000 - 0x00007fff9d41a000 	C:\WINDOWS\System32\combase.dll
0x00007fff9dad0000 - 0x00007fff9dba7000 	C:\WINDOWS\System32\OLEAUT32.dll
0x00007fff8ef10000 - 0x00007fff8ef42000 	C:\WINDOWS\SYSTEM32\dbgcore.DLL
0x00007fff9b800000 - 0x00007fff9b87b000 	C:\WINDOWS\System32\bcryptPrimitives.dll
0x00007fff86970000 - 0x00007fff86995000 	C:\Program Files\Java\jdk-16.0.2\bin\java.dll
0x00007fff9c6c0000 - 0x00007fff9cea0000 	C:\WINDOWS\System32\SHELL32.dll
0x00007fff996e0000 - 0x00007fff99fa5000 	C:\WINDOWS\SYSTEM32\windows.storage.dll
0x00007fff995a0000 - 0x00007fff996de000 	C:\WINDOWS\SYSTEM32\wintypes.dll
0x00007fff9dcc0000 - 0x00007fff9ddb1000 	C:\WINDOWS\System32\SHCORE.dll
0x00007fff9c350000 - 0x00007fff9c3ae000 	C:\WINDOWS\System32\shlwapi.dll
0x00007fff9b5d0000 - 0x00007fff9b5f1000 	C:\WINDOWS\SYSTEM32\profapi.dll
0x00007fff86950000 - 0x00007fff86969000 	C:\Program Files\Java\jdk-16.0.2\bin\net.dll
0x00007fff90fd0000 - 0x00007fff910ff000 	C:\WINDOWS\SYSTEM32\WINHTTP.dll
0x00007fff9ab70000 - 0x00007fff9abd9000 	C:\WINDOWS\system32\mswsock.dll
0x00007fff86750000 - 0x00007fff86763000 	C:\Program Files\Java\jdk-16.0.2\bin\nio.dll
0x00007fff86730000 - 0x00007fff86748000 	C:\Program Files\Java\jdk-16.0.2\bin\zip.dll
0x00007fff8fbf0000 - 0x00007fff8fc00000 	C:\Program Files\Java\jdk-16.0.2\bin\verify.dll
0x00007fff86720000 - 0x00007fff86729000 	C:\Program Files\Java\jdk-16.0.2\bin\management.dll
0x00007fff86000000 - 0x00007fff8600b000 	C:\Program Files\Java\jdk-16.0.2\bin\management_ext.dll
0x00007fff622b0000 - 0x00007fff622c7000 	C:\WINDOWS\system32\napinsp.dll
0x00007fff62e00000 - 0x00007fff62e1b000 	C:\WINDOWS\system32\pnrpnsp.dll
0x00007fff9a2c0000 - 0x00007fff9a3b2000 	C:\WINDOWS\SYSTEM32\DNSAPI.dll
0x00007fff9a240000 - 0x00007fff9a26d000 	C:\WINDOWS\SYSTEM32\IPHLPAPI.DLL
0x00007fff9c140000 - 0x00007fff9c149000 	C:\WINDOWS\System32\NSI.dll
0x00007fff62900000 - 0x00007fff62911000 	C:\WINDOWS\System32\winrnr.dll
0x00007fff8db00000 - 0x00007fff8db15000 	C:\WINDOWS\system32\wshbth.dll
0x00007fff628d0000 - 0x00007fff628f1000 	C:\WINDOWS\system32\nlansp_c.dll
0x00007fff8a630000 - 0x00007fff8a63a000 	C:\Windows\System32\rasadhlp.dll
0x00007fff8a640000 - 0x00007fff8a6c3000 	C:\WINDOWS\System32\fwpuclnt.dll
0x00007fff9adb0000 - 0x00007fff9adcb000 	C:\WINDOWS\SYSTEM32\CRYPTSP.dll
0x00007fff9a680000 - 0x00007fff9a6b5000 	C:\WINDOWS\system32\rsaenh.dll
0x00007fff9ac60000 - 0x00007fff9ac88000 	C:\WINDOWS\SYSTEM32\USERENV.dll
0x00007fff9afc0000 - 0x00007fff9afe8000 	C:\WINDOWS\SYSTEM32\bcrypt.dll
0x00007fff9add0000 - 0x00007fff9addc000 	C:\WINDOWS\SYSTEM32\CRYPTBASE.dll
0x00007fff90ef0000 - 0x00007fff90f09000 	C:\WINDOWS\SYSTEM32\dhcpcsvc6.DLL
0x00007fff8f990000 - 0x00007fff8f9af000 	C:\WINDOWS\SYSTEM32\dhcpcsvc.DLL

dbghelp: loaded successfully - version: 4.0.5 - missing functions: none
symbol engine: initialized successfully - sym options: 0x614 - pdb path: .;C:\Program Files\Java\jdk-16.0.2\bin;C:\WINDOWS\SYSTEM32;C:\WINDOWS\WinSxS\amd64_microsoft.windows.common-controls_6595b64144ccf1df_6.0.22621.608_none_a9444ca7c10bb01d;C:\Program Files\Java\jdk-16.0.2\bin\server

VM Arguments:
jvm_args: -Dfile.encoding=UTF-8 -XX:+ShowCodeDetailsInExceptionMessages 
java_command: br.com.WKApiRest.WKApiRest.Application
java_class_path (initial): C:\Users\aless\eclipse-workspace\WKApiRest\target\classes;C:\Users\aless\.m2\repository\org\springframework\boot\spring-boot-starter-data-jpa\2.1.1.RELEASE\spring-boot-starter-data-jpa-2.1.1.RELEASE.jar;C:\Users\aless\.m2\repository\org\springframework\boot\spring-boot-starter-aop\2.1.1.RELEASE\spring-boot-starter-aop-2.1.1.RELEASE.jar;C:\Users\aless\.m2\repository\org\springframework\spring-aop\5.1.3.RELEASE\spring-aop-5.1.3.RELEASE.jar;C:\Users\aless\.m2\repository\org\aspectj\aspectjweaver\1.9.2\aspectjweaver-1.9.2.jar;C:\Users\aless\.m2\repository\org\springframework\boot\spring-boot-starter-jdbc\2.1.1.RELEASE\spring-boot-starter-jdbc-2.1.1.RELEASE.jar;C:\Users\aless\.m2\repository\com\zaxxer\HikariCP\3.2.0\HikariCP-3.2.0.jar;C:\Users\aless\.m2\repository\org\springframework\spring-jdbc\5.1.3.RELEASE\spring-jdbc-5.1.3.RELEASE.jar;C:\Users\aless\.m2\repository\javax\transaction\javax.transaction-api\1.3\javax.transaction-api-1.3.jar;C:\Users\aless\.m2\repository\javax\xml\bind\jaxb-api\2.3.1\jaxb-api-2.3.1.jar;C:\Users\aless\.m2\repository\javax\activation\javax.activation-api\1.2.0\javax.activation-api-1.2.0.jar;C:\Users\aless\.m2\repository\org\hibernate\hibernate-core\5.3.7.Final\hibernate-core-5.3.7.Final.jar;C:\Users\aless\.m2\repository\org\jboss\logging\jboss-logging\3.3.2.Final\jboss-logging-3.3.2.Final.jar;C:\Users\aless\.m2\repository\javax\persistence\javax.persistence-api\2.2\javax.persistence-api-2.2.jar;C:\Users\aless\.m2\repository\org\javassist\javassist\3.23.1-GA\javassist-3.23.1-GA.jar;C:\Users\aless\.m2\repository\net\bytebuddy\byte-buddy\1.9.5\byte-buddy-1.9.5.jar;C:\Users\aless\.m2\repository\antlr\antlr\2.7.7\antlr-2.7.7.jar;C:\Users\aless\.m2\repository\org\jboss\jandex\2.0.5.Final\jandex-2.0.5.Final.jar;C:\Users\aless\.m2\repository\com\fasterxml\classmate\1.4.0\classmate-1.4.0.jar;C:\Users\aless\.m2\repository\org\dom4j\dom4j\2.1.1\dom4j-2.1.1.jar;C:\Users\aless\.m2\repository\org\hibernate\common\hibernate-co
Launcher Type: SUN_STANDARD

[Global flags]
     intx CICompilerCount                          = 4                                         {product} {ergonomic}
     uint ConcGCThreads                            = 2                                         {product} {ergonomic}
     uint G1ConcRefinementThreads                  = 8                                         {product} {ergonomic}
   size_t G1HeapRegionSize                         = 1048576                                   {product} {ergonomic}
    uintx GCDrainStackTargetSize                   = 64                                        {product} {ergonomic}
   size_t InitialHeapSize                          = 132120576                                 {product} {ergonomic}
   size_t MarkStackSize                            = 4194304                                   {product} {ergonomic}
   size_t MaxHeapSize                              = 2092957696                                {product} {ergonomic}
   size_t MaxNewSize                               = 1255145472                                {product} {ergonomic}
   size_t MinHeapDeltaBytes                        = 1048576                                   {product} {ergonomic}
   size_t MinHeapSize                              = 8388608                                   {product} {ergonomic}
    uintx NonNMethodCodeHeapSize                   = 5839372                                {pd product} {ergonomic}
    uintx NonProfiledCodeHeapSize                  = 122909434                              {pd product} {ergonomic}
    uintx ProfiledCodeHeapSize                     = 122909434                              {pd product} {ergonomic}
    uintx ReservedCodeCacheSize                    = 251658240                              {pd product} {ergonomic}
     bool SegmentedCodeCache                       = true                                      {product} {ergonomic}
     bool ShowCodeDetailsInExceptionMessages       = true                                   {manageable} {command line}
   size_t SoftMaxHeapSize                          = 2092957696                             {manageable} {ergonomic}
     bool UseCompressedClassPointers               = true                           {product lp64_product} {ergonomic}
     bool UseCompressedOops                        = true                           {product lp64_product} {ergonomic}
     bool UseG1GC                                  = true                                      {product} {ergonomic}
     bool UseLargePagesIndividualAllocation        = false                                  {pd product} {ergonomic}

Logging:
Log output configuration:
 #0: stdout all=warning uptime,level,tags
 #1: stderr all=off uptime,level,tags

Environment Variables:
JAVA_HOME=C:\Program Files\Java\jdk-16.0.2
CLASSPATH=.;C:\Program Files\Java\jdk-16.0.2\lib;
PATH=C:\Program Files\Java\jdk-16.0.2;C:\Program Files\Common Files\Oracle\Java\javapath;C:\Program Files (x86)\Common Files\Oracle\Java\javapath;C:\ProgramData\Oracle\Java\javapath;C:\Program Files\Microsoft SQL Server\150\Tools\Binn\;C:\Program Files\Java\jdk-9.0.4\bin;C:\apache-maven-3.8.6\bin;C:\Git\cmd;C:\WINDOWS\system32;C:\WINDOWS;C:\WINDOWS\System32\Wbem;C:\WINDOWS\System32\WindowsPowerShell\v1.0\;C:\WINDOWS\System32\OpenSSH\;C:\Program Files\dotnet\;C:\Program Files (x86)\Microsoft SQL Server\150\DTS\Binn\;C:\Program Files\Azure Data Studio\bin;C:\Program Files\nodejs\;C:\Program Files\MySQL\MySQL Shell 8.0\bin\;C:\Users\aless\AppData\Local\Programs\Python\Python310\Scripts\;C:\Users\aless\AppData\Local\Programs\Python\Python310\;C:\Users\aless\AppData\Local\Programs\Microsoft VS Code\bin;C:\Program Files\heroku\bin;C:\Users\aless\AppData\Local\Microsoft\WindowsApps;C:\Users\aless\.dotnet\tools;C:\Program Files\Azure Data Studio\bin;C:\Users\aless\AppData\Roaming\npm
USERNAME=aless
OS=Windows_NT
PROCESSOR_IDENTIFIER=Intel64 Family 6 Model 142 Stepping 12, GenuineIntel



---------------  S Y S T E M  ---------------

OS:
 Windows 10 , 64 bit Build 22621 (10.0.22621.755)
OS uptime: 15 days 6:46 hours

CPU: total 8 (initial active 8) (4 cores per cpu, 2 threads per core) family 6 model 142 stepping 12 microcode 0xde, cx8, cmov, fxsr, ht, mmx, 3dnowpref, sse, sse2, sse3, ssse3, sse4.1, sse4.2, popcnt, lzcnt, tsc, tscinvbit, avx, avx2, aes, erms, clmul, bmi1, bmi2, adx, fma, vzeroupper, clflush, clflushopt

Memory: 4k page, system-wide physical 7976M (193M free)
TotalPageFile size 32552M (AvailPageFile size 41M)
current process WorkingSet (physical memory assigned to process): 206M, peak: 206M
current process commit charge ("private bytes"): 247M, peak: 261M

vm_info: Java HotSpot(TM) 64-Bit Server VM (16.0.2+7-67) for windows-amd64 JRE (16.0.2+7-67), built on Jun  8 2021 23:24:19 by "mach5one" with MS VC++ 16.7 (VS2019)

END.
